# Logfile created on 2014-09-11 20:09:45 -0400 by logger.rb/44203
I, [2014-09-11T20:09:45.826949 #11381]  INFO -- : 0:  rake (10.3.2) from /Users/mdarby/.rvm/rubies/ruby-2.1.0/lib/ruby/gems/2.1.0/specifications/rake-10.3.2.gemspec
I, [2014-09-11T20:09:45.827302 #11381]  INFO -- : 0:  i18n (0.6.11) from /Users/mdarby/.rvm/rubies/ruby-2.1.0/lib/ruby/gems/2.1.0/specifications/i18n-0.6.11.gemspec
I, [2014-09-11T20:09:45.827528 #11381]  INFO -- : 0:  minitest (4.7.5) from /Users/mdarby/.rvm/rubies/ruby-2.1.0/lib/ruby/gems/2.1.0/specifications/default/minitest-4.7.5.gemspec
I, [2014-09-11T20:09:45.827756 #11381]  INFO -- : 0:  multi_json (1.10.1) from /Users/mdarby/.rvm/rubies/ruby-2.1.0/lib/ruby/gems/2.1.0/specifications/multi_json-1.10.1.gemspec
I, [2014-09-11T20:09:45.827992 #11381]  INFO -- : 0:  thread_safe (0.3.4) from /Users/mdarby/.rvm/rubies/ruby-2.1.0/lib/ruby/gems/2.1.0/specifications/thread_safe-0.3.4.gemspec
I, [2014-09-11T20:09:50.207773 #11381]  INFO -- : 0:  tzinfo (0.3.41) from /Users/mdarby/.rvm/rubies/ruby-2.1.0/lib/ruby/gems/2.1.0/specifications/tzinfo-0.3.41.gemspec
I, [2014-09-11T20:09:50.208141 #11381]  INFO -- : 0:  activesupport (4.0.2) from /Users/mdarby/.rvm/rubies/ruby-2.1.0/lib/ruby/gems/2.1.0/specifications/activesupport-4.0.2.gemspec
I, [2014-09-11T20:09:50.208376 #11381]  INFO -- : 0:  builder (3.1.4) from /Users/mdarby/.rvm/rubies/ruby-2.1.0/lib/ruby/gems/2.1.0/specifications/builder-3.1.4.gemspec
I, [2014-09-11T20:09:50.208593 #11381]  INFO -- : 0:  erubis (2.7.0) from /Users/mdarby/.rvm/rubies/ruby-2.1.0/lib/ruby/gems/2.1.0/specifications/erubis-2.7.0.gemspec
I, [2014-09-11T20:09:50.208816 #11381]  INFO -- : 0:  rack (1.5.2) from /Users/mdarby/.rvm/rubies/ruby-2.1.0/lib/ruby/gems/2.1.0/specifications/rack-1.5.2.gemspec
I, [2014-09-11T20:09:50.209035 #11381]  INFO -- : 0:  rack-test (0.6.2) from /Users/mdarby/.rvm/rubies/ruby-2.1.0/lib/ruby/gems/2.1.0/specifications/rack-test-0.6.2.gemspec
I, [2014-09-11T20:09:50.209259 #11381]  INFO -- : 0:  actionpack (4.0.2) from /Users/mdarby/.rvm/rubies/ruby-2.1.0/lib/ruby/gems/2.1.0/specifications/actionpack-4.0.2.gemspec
I, [2014-09-11T20:09:50.209473 #11381]  INFO -- : 0:  mime-types (1.25.1) from /Users/mdarby/.rvm/rubies/ruby-2.1.0/lib/ruby/gems/2.1.0/specifications/mime-types-1.25.1.gemspec
I, [2014-09-11T20:09:50.209691 #11381]  INFO -- : 0:  polyglot (0.3.5) from /Users/mdarby/.rvm/rubies/ruby-2.1.0/lib/ruby/gems/2.1.0/specifications/polyglot-0.3.5.gemspec
I, [2014-09-11T20:09:50.209901 #11381]  INFO -- : 0:  treetop (1.4.15) from /Users/mdarby/.rvm/rubies/ruby-2.1.0/lib/ruby/gems/2.1.0/specifications/treetop-1.4.15.gemspec
I, [2014-09-11T20:09:50.210119 #11381]  INFO -- : 0:  mail (2.5.4) from /Users/mdarby/.rvm/rubies/ruby-2.1.0/lib/ruby/gems/2.1.0/specifications/mail-2.5.4.gemspec
I, [2014-09-11T20:09:50.210348 #11381]  INFO -- : 0:  actionmailer (4.0.2) from /Users/mdarby/.rvm/rubies/ruby-2.1.0/lib/ruby/gems/2.1.0/specifications/actionmailer-4.0.2.gemspec
I, [2014-09-11T20:09:50.210573 #11381]  INFO -- : 0:  activemodel (4.0.2) from /Users/mdarby/.rvm/rubies/ruby-2.1.0/lib/ruby/gems/2.1.0/specifications/activemodel-4.0.2.gemspec
I, [2014-09-11T20:09:50.210786 #11381]  INFO -- : 0:  activerecord-deprecated_finders (1.0.3) from /Users/mdarby/.rvm/rubies/ruby-2.1.0/lib/ruby/gems/2.1.0/specifications/activerecord-deprecated_finders-1.0.3.gemspec
I, [2014-09-11T20:09:50.211002 #11381]  INFO -- : 0:  arel (4.0.2) from /Users/mdarby/.rvm/rubies/ruby-2.1.0/lib/ruby/gems/2.1.0/specifications/arel-4.0.2.gemspec
I, [2014-09-11T20:09:50.211224 #11381]  INFO -- : 0:  activerecord (4.0.2) from /Users/mdarby/.rvm/rubies/ruby-2.1.0/lib/ruby/gems/2.1.0/specifications/activerecord-4.0.2.gemspec
I, [2014-09-11T20:09:50.211444 #11381]  INFO -- : 0:  sass (3.2.19) from /Users/mdarby/.rvm/rubies/ruby-2.1.0/lib/ruby/gems/2.1.0/specifications/sass-3.2.19.gemspec
I, [2014-09-11T20:09:50.211654 #11381]  INFO -- : 0:  bootstrap-sass (2.3.2.2) from /Users/mdarby/.rvm/rubies/ruby-2.1.0/lib/ruby/gems/2.1.0/specifications/bootstrap-sass-2.3.2.2.gemspec
I, [2014-09-11T20:09:50.211846 #11381]  INFO -- : 0:  json (1.8.1) from /Users/mdarby/.rvm/rubies/ruby-2.1.0/lib/ruby/gems/2.1.0/specifications/default/json-1.8.1.gemspec
I, [2014-09-11T20:09:55.986950 #11381]  INFO -- : 0:  carrierwave (0.10.0) from /Users/mdarby/.rvm/rubies/ruby-2.1.0/lib/ruby/gems/2.1.0/specifications/carrierwave-0.10.0.gemspec
I, [2014-09-11T20:09:55.987847 #11381]  INFO -- : 0:  coffee-script-source (1.7.1) from /Users/mdarby/.rvm/rubies/ruby-2.1.0/lib/ruby/gems/2.1.0/specifications/coffee-script-source-1.7.1.gemspec
I, [2014-09-11T20:09:55.988402 #11381]  INFO -- : 0:  execjs (2.2.1) from /Users/mdarby/.rvm/rubies/ruby-2.1.0/lib/ruby/gems/2.1.0/specifications/execjs-2.2.1.gemspec
I, [2014-09-11T20:09:55.988803 #11381]  INFO -- : 0:  coffee-script (2.3.0) from /Users/mdarby/.rvm/rubies/ruby-2.1.0/lib/ruby/gems/2.1.0/specifications/coffee-script-2.3.0.gemspec
I, [2014-09-11T20:09:55.989083 #11381]  INFO -- : 0:  thor (0.19.1) from /Users/mdarby/.rvm/rubies/ruby-2.1.0/lib/ruby/gems/2.1.0/specifications/thor-0.19.1.gemspec
I, [2014-09-11T20:09:55.989367 #11381]  INFO -- : 0:  railties (4.0.2) from /Users/mdarby/.rvm/rubies/ruby-2.1.0/lib/ruby/gems/2.1.0/specifications/railties-4.0.2.gemspec
I, [2014-09-11T20:09:55.989637 #11381]  INFO -- : 0:  coffee-rails (4.0.1) from /Users/mdarby/.rvm/rubies/ruby-2.1.0/lib/ruby/gems/2.1.0/specifications/coffee-rails-4.0.1.gemspec
I, [2014-09-11T20:09:55.989975 #11381]  INFO -- : 0:  hike (1.2.3) from /Users/mdarby/.rvm/rubies/ruby-2.1.0/lib/ruby/gems/2.1.0/specifications/hike-1.2.3.gemspec
I, [2014-09-11T20:09:55.990299 #11381]  INFO -- : 0:  jbuilder (1.5.3) from /Users/mdarby/.rvm/rubies/ruby-2.1.0/lib/ruby/gems/2.1.0/specifications/jbuilder-1.5.3.gemspec
I, [2014-09-11T20:09:55.990609 #11381]  INFO -- : 0:  jquery-rails (3.1.1) from /Users/mdarby/.rvm/rubies/ruby-2.1.0/lib/ruby/gems/2.1.0/specifications/jquery-rails-3.1.1.gemspec
I, [2014-09-11T20:09:55.990881 #11381]  INFO -- : 0:  quiet_assets (1.0.3) from /Users/mdarby/.rvm/rubies/ruby-2.1.0/lib/ruby/gems/2.1.0/specifications/quiet_assets-1.0.3.gemspec
I, [2014-09-11T20:09:55.991130 #11381]  INFO -- : 0:  bundler (1.5.1) from /Users/mdarby/.rvm/rubies/ruby-2.1.0/lib/ruby/gems/2.1.0/specifications/bundler-1.5.1.gemspec
I, [2014-09-11T20:09:55.991539 #11381]  INFO -- : 0:  tilt (1.4.1) from /Users/mdarby/.rvm/rubies/ruby-2.1.0/lib/ruby/gems/2.1.0/specifications/tilt-1.4.1.gemspec
I, [2014-09-11T20:09:55.991827 #11381]  INFO -- : 0:  sprockets (2.11.0) from /Users/mdarby/.rvm/rubies/ruby-2.1.0/lib/ruby/gems/2.1.0/specifications/sprockets-2.11.0.gemspec
I, [2014-09-11T20:09:55.992099 #11381]  INFO -- : 0:  sprockets-rails (2.0.1) from /Users/mdarby/.rvm/rubies/ruby-2.1.0/lib/ruby/gems/2.1.0/specifications/sprockets-rails-2.0.1.gemspec
I, [2014-09-11T20:09:55.992372 #11381]  INFO -- : 0:  rails (4.0.2) from /Users/mdarby/.rvm/rubies/ruby-2.1.0/lib/ruby/gems/2.1.0/specifications/rails-4.0.2.gemspec
I, [2014-09-11T20:09:55.992707 #11381]  INFO -- : 0:  rdoc (4.1.1) from /Users/mdarby/.rvm/rubies/ruby-2.1.0/lib/ruby/gems/2.1.0/specifications/rdoc-4.1.1.gemspec
I, [2014-09-11T20:09:55.992979 #11381]  INFO -- : 0:  sass-rails (4.0.3) from /Users/mdarby/.rvm/rubies/ruby-2.1.0/lib/ruby/gems/2.1.0/specifications/sass-rails-4.0.3.gemspec
I, [2014-09-11T20:09:55.993332 #11381]  INFO -- : 0:  sdoc (0.4.1) from /Users/mdarby/.rvm/rubies/ruby-2.1.0/lib/ruby/gems/2.1.0/specifications/sdoc-0.4.1.gemspec
I, [2014-09-11T20:09:55.993656 #11381]  INFO -- : 0:  sqlite3 (1.3.9) from /Users/mdarby/.rvm/rubies/ruby-2.1.0/lib/ruby/gems/2.1.0/specifications/sqlite3-1.3.9.gemspec
I, [2014-09-11T20:09:55.993987 #11381]  INFO -- : 0:  turbolinks (2.3.0) from /Users/mdarby/.rvm/rubies/ruby-2.1.0/lib/ruby/gems/2.1.0/specifications/turbolinks-2.3.0.gemspec
I, [2014-09-11T20:09:55.994307 #11381]  INFO -- : 0:  uglifier (2.5.3) from /Users/mdarby/.rvm/rubies/ruby-2.1.0/lib/ruby/gems/2.1.0/specifications/uglifier-2.5.3.gemspec
